1584261857.091225 client started (11954): version 3.0a, socket /tmp//tmux-501/default, protocol 8
1584261857.091291 on Darwin 19.3.0 Darwin Kernel Version 19.3.0: Thu Jan  9 20:58:23 PST 2020; root:xnu-6153.81.5~1/RELEASE_X86_64; libevent 2.1.11-stable (select)
1584261857.091334 socket is /tmp//tmux-501/default
1584261857.091362 trying connect
1584261857.091407 connect failed: No such file or directory
1584261857.091569 lock file is /tmp//tmux-501/default.lock
1584261857.091676 flock succeeded
1584261857.091690 got lock (6)
1584261857.091703 trying connect
1584261857.091729 connect failed: No such file or directory
1584261857.092175 add peer 0x10f083000: 7 (0x0)
1584261857.094773 sending message 100 to peer 0x10f083000 (4 bytes)
1584261857.094819 sending message 101 to peer 0x10f083000 (15 bytes)
1584261857.094845 sending message 102 to peer 0x10f083000 (13 bytes)
1584261857.094868 sending message 108 to peer 0x10f083000 (61 bytes)
1584261857.094907 sending message 104 to peer 0x10f083000 (0 bytes)
1584261857.094933 sending message 107 to peer 0x10f083000 (4 bytes)
1584261857.094955 sending message 105 to peer 0x10f083000 (28 bytes)
1584261857.094976 sending message 105 to peer 0x10f083000 (20 bytes)
1584261857.094997 sending message 105 to peer 0x10f083000 (16 bytes)
1584261857.095017 sending message 105 to peer 0x10f083000 (57 bytes)
1584261857.095035 sending message 105 to peer 0x10f083000 (25 bytes)
1584261857.095089 sending message 105 to peer 0x10f083000 (53 bytes)
1584261857.095108 sending message 105 to peer 0x10f083000 (12 bytes)
1584261857.095127 sending message 105 to peer 0x10f083000 (66 bytes)
1584261857.095144 sending message 105 to peer 0x10f083000 (50 bytes)
1584261857.095161 sending message 105 to peer 0x10f083000 (65 bytes)
1584261857.095179 sending message 105 to peer 0x10f083000 (17 bytes)
1584261857.095198 sending message 105 to peer 0x10f083000 (14 bytes)
1584261857.095217 sending message 105 to peer 0x10f083000 (19 bytes)
1584261857.095234 sending message 105 to peer 0x10f083000 (19 bytes)
1584261857.095251 sending message 105 to peer 0x10f083000 (8 bytes)
1584261857.095269 sending message 105 to peer 0x10f083000 (15 bytes)
1584261857.095287 sending message 105 to peer 0x10f083000 (22 bytes)
1584261857.095304 sending message 106 to peer 0x10f083000 (0 bytes)
1584261857.095326 sending message 200 to peer 0x10f083000 (4 bytes)
1584261857.095344 client loop enter
1584261857.181033 peer 0x10f083000 message 207
1584261857.181057 sending message 208 to peer 0x10f083000 (0 bytes)
1584261876.804757 peer 0x10f083000 message 203
1584261876.804800 sending message 205 to peer 0x10f083000 (0 bytes)
1584261876.805115 peer 0x10f083000 message 204
1584261876.805141 client loop exit
